12:33:27.456 [main] DEBUG org.apache.poi.openxml4j.opc.PackageRelationshipCollection - Parsing relationship: /_rels/.rels
12:33:27.481 [main] DEBUG org.apache.poi.ooxml.POIXMLFactory - using default POIXMLDocumentPart for http://schemas.openxmlformats.org/officeDocument/2006/relationships/printerSettings
12:33:27.525 [main] DEBUG org.apache.poi.openxml4j.opc.PackageRelationshipCollection - Parsing relationship: /xl/_rels/workbook.xml.rels
12:33:27.526 [main] DEBUG org.apache.poi.openxml4j.opc.PackageRelationshipCollection - Parsing relationship: /xl/worksheets/_rels/sheet1.xml.rels
12:33:27.526 [main] DEBUG org.apache.poi.openxml4j.opc.PackageRelationshipCollection - Parsing relationship: /_rels/.rels
12:33:27.544 [main] DEBUG org.apache.poi.ooxml.POIXMLFactory - using default POIXMLDocumentPart for http://schemas.openxmlformats.org/officeDocument/2006/relationships/printerSettings
12:33:27.564 [main] DEBUG org.apache.poi.openxml4j.opc.PackageRelationshipCollection - Parsing relationship: /xl/_rels/workbook.xml.rels
12:33:27.567 [main] DEBUG org.apache.poi.openxml4j.opc.PackageRelationshipCollection - Parsing relationship: /xl/worksheets/_rels/sheet1.xml.rels
12:33:27.568 [main] DEBUG org.apache.poi.openxml4j.opc.PackageRelationshipCollection - Parsing relationship: /_rels/.rels
12:33:27.574 [main] DEBUG org.apache.poi.ooxml.POIXMLFactory - using default POIXMLDocumentPart for http://schemas.openxmlformats.org/officeDocument/2006/relationships/printerSettings
12:33:27.591 [main] DEBUG org.apache.poi.openxml4j.opc.PackageRelationshipCollection - Parsing relationship: /xl/_rels/workbook.xml.rels
12:33:27.592 [main] DEBUG org.apache.poi.openxml4j.opc.PackageRelationshipCollection - Parsing relationship: /xl/worksheets/_rels/sheet1.xml.rels
12:33:27.592 [main] DEBUG org.apache.poi.openxml4j.opc.PackageRelationshipCollection - Parsing relationship: /_rels/.rels
12:33:27.601 [main] DEBUG org.apache.poi.ooxml.POIXMLFactory - using default POIXMLDocumentPart for http://schemas.openxmlformats.org/officeDocument/2006/relationships/printerSettings
12:33:27.613 [main] DEBUG org.apache.poi.openxml4j.opc.PackageRelationshipCollection - Parsing relationship: /xl/_rels/workbook.xml.rels
12:33:27.614 [main] DEBUG org.apache.poi.openxml4j.opc.PackageRelationshipCollection - Parsing relationship: /xl/worksheets/_rels/sheet1.xml.rels
12:33:27.614 [main] DEBUG org.apache.poi.openxml4j.opc.PackageRelationshipCollection - Parsing relationship: /_rels/.rels
12:33:27.621 [main] DEBUG org.apache.poi.ooxml.POIXMLFactory - using default POIXMLDocumentPart for http://schemas.openxmlformats.org/officeDocument/2006/relationships/printerSettings
12:33:27.629 [main] DEBUG org.apache.poi.openxml4j.opc.PackageRelationshipCollection - Parsing relationship: /xl/_rels/workbook.xml.rels
12:33:27.630 [main] DEBUG org.apache.poi.openxml4j.opc.PackageRelationshipCollection - Parsing relationship: /xl/worksheets/_rels/sheet1.xml.rels
12:33:27.631 [main] DEBUG org.apache.poi.openxml4j.opc.PackageRelationshipCollection - Parsing relationship: /_rels/.rels
12:33:27.641 [main] DEBUG org.apache.poi.ooxml.POIXMLFactory - using default POIXMLDocumentPart for http://schemas.openxmlformats.org/officeDocument/2006/relationships/printerSettings
12:33:27.650 [main] DEBUG org.apache.poi.openxml4j.opc.PackageRelationshipCollection - Parsing relationship: /xl/_rels/workbook.xml.rels
12:33:27.651 [main] DEBUG org.apache.poi.openxml4j.opc.PackageRelationshipCollection - Parsing relationship: /xl/worksheets/_rels/sheet1.xml.rels
12:33:27.652 [main] DEBUG org.apache.poi.openxml4j.opc.PackageRelationshipCollection - Parsing relationship: /_rels/.rels
12:33:27.658 [main] DEBUG org.apache.poi.ooxml.POIXMLFactory - using default POIXMLDocumentPart for http://schemas.openxmlformats.org/officeDocument/2006/relationships/printerSettings
12:33:43.267 [main] DEBUG org.apache.poi.openxml4j.opc.PackageRelationshipCollection - Parsing relationship: /xl/_rels/workbook.xml.rels
12:33:43.267 [main] DEBUG org.apache.poi.openxml4j.opc.PackageRelationshipCollection - Parsing relationship: /xl/worksheets/_rels/sheet1.xml.rels
12:33:43.268 [main] DEBUG org.apache.poi.openxml4j.opc.PackageRelationshipCollection - Parsing relationship: /_rels/.rels
12:33:43.277 [main] DEBUG org.apache.poi.ooxml.POIXMLFactory - using default POIXMLDocumentPart for http://schemas.openxmlformats.org/officeDocument/2006/relationships/printerSettings
12:33:43.289 [main] DEBUG org.apache.poi.openxml4j.opc.PackageRelationshipCollection - Parsing relationship: /xl/_rels/workbook.xml.rels
12:33:43.290 [main] DEBUG org.apache.poi.openxml4j.opc.PackageRelationshipCollection - Parsing relationship: /xl/worksheets/_rels/sheet1.xml.rels
12:33:43.290 [main] DEBUG org.apache.poi.openxml4j.opc.PackageRelationshipCollection - Parsing relationship: /_rels/.rels
12:33:43.306 [main] DEBUG org.apache.poi.ooxml.POIXMLFactory - using default POIXMLDocumentPart for http://schemas.openxmlformats.org/officeDocument/2006/relationships/printerSettings
12:33:43.323 [main] DEBUG org.apache.poi.openxml4j.opc.PackageRelationshipCollection - Parsing relationship: /xl/_rels/workbook.xml.rels
12:33:43.323 [main] DEBUG org.apache.poi.openxml4j.opc.PackageRelationshipCollection - Parsing relationship: /xl/worksheets/_rels/sheet1.xml.rels
12:33:43.324 [main] DEBUG org.apache.poi.openxml4j.opc.PackageRelationshipCollection - Parsing relationship: /_rels/.rels
12:33:43.332 [main] DEBUG org.apache.poi.ooxml.POIXMLFactory - using default POIXMLDocumentPart for http://schemas.openxmlformats.org/officeDocument/2006/relationships/printerSettings
12:33:43.343 [main] DEBUG org.apache.poi.openxml4j.opc.PackageRelationshipCollection - Parsing relationship: /xl/_rels/workbook.xml.rels
12:33:43.351 [main] DEBUG org.apache.poi.openxml4j.opc.PackageRelationshipCollection - Parsing relationship: /xl/worksheets/_rels/sheet1.xml.rels
12:33:43.352 [main] DEBUG org.apache.poi.openxml4j.opc.PackageRelationshipCollection - Parsing relationship: /_rels/.rels
12:33:43.358 [main] DEBUG org.apache.poi.ooxml.POIXMLFactory - using default POIXMLDocumentPart for http://schemas.openxmlformats.org/officeDocument/2006/relationships/printerSettings
12:36:07.359 [main] INFO  api.test.UserTests - ********* Creating User *************
12:36:12.810 [main] INFO  api.test.UserTests - *********** User is created  *****************
12:36:12.816 [main] INFO  api.test.UserTests - **************  get the User  ******************
12:36:16.221 [main] INFO  api.test.UserTests - ****************  Updating User  ***************
12:36:23.072 [main] INFO  api.test.UserTests - *******************  Deleting the User ***************
15:46:08.591 [main] INFO  api.test.UserTests - ********* Creating User *************
15:46:16.534 [main] INFO  api.test.UserTests - *********** User is created  *****************
15:46:16.548 [main] INFO  api.test.UserTests - **************  get the User  ******************
15:46:19.995 [main] INFO  api.test.UserTests - ****************  Updating User  ***************
15:46:26.787 [main] INFO  api.test.UserTests - *******************  Deleting the User ***************
15:49:46.852 [main] INFO  api.test.UserTests - ********* Creating User *************
15:49:54.756 [main] INFO  api.test.UserTests - *********** User is created  *****************
15:49:54.766 [main] INFO  api.test.UserTests - **************  get the User  ******************
15:49:58.903 [main] INFO  api.test.UserTests - ****************  Updating User  ***************
15:50:06.042 [main] INFO  api.test.UserTests - *******************  Deleting the User ***************
15:24:45.615 [main] INFO  api.test.UserTests2 - ********* Creating User *************
15:24:45.743 [main] INFO  api.test.UserTests2 - **************  get the User  ******************
15:24:45.747 [main] INFO  api.test.UserTests2 - ****************  Updating User  ***************
15:24:45.754 [main] INFO  api.test.UserTests2 - *******************  Deleting the User ***************
16:45:03.757 [main] INFO  api.test.UserTests2 - ********* Creating User *************
16:47:56.019 [main] INFO  api.test.UserTests2 - ********* Creating User *************
16:48:02.444 [main] INFO  api.test.UserTests2 - *********** User is created  *****************
16:48:02.501 [main] INFO  api.test.UserTests2 - **************  get the User  ******************
16:48:06.048 [main] INFO  api.test.UserTests2 - ****************  Updating User  ***************
16:48:12.868 [main] INFO  api.test.UserTests2 - *******************  Deleting the User ***************
17:17:07.120 [main] INFO  api.test.UserTests2 - ********* Creating User *************
17:17:14.713 [main] INFO  api.test.UserTests2 - *********** User is created  *****************
17:17:14.735 [main] INFO  api.test.UserTests2 - **************  get the User  ******************
17:17:18.203 [main] INFO  api.test.UserTests2 - ****************  Updating User  ***************
17:17:25.013 [main] INFO  api.test.UserTests2 - *******************  Deleting the User ***************
15:38:17.463 [main] INFO  api.test.UserTests2 - ********* Creating User *************
15:38:27.928 [main] INFO  api.test.UserTests2 - *********** User is created  *****************
15:38:27.962 [main] INFO  api.test.UserTests2 - **************  get the User  ******************
15:38:31.705 [main] INFO  api.test.UserTests2 - ****************  Updating User  ***************
15:38:38.937 [main] INFO  api.test.UserTests2 - *******************  Deleting the User ***************
15:41:20.525 [main] INFO  api.test.UserTests2 - ********* Creating User *************
15:41:50.466 [main] INFO  api.test.UserTests2 - *********** User is created  *****************
15:41:50.590 [main] INFO  api.test.UserTests2 - **************  get the User  ******************
15:41:54.264 [main] INFO  api.test.UserTests2 - ******************  User is fetched  ********************
15:41:54.266 [main] INFO  api.test.UserTests2 - ****************  Updating User  ***************
15:41:57.913 [main] INFO  api.test.UserTests2 - *******************  Deleting the User ***************
15:42:01.592 [main] INFO  api.test.UserTests2 - *******************   User is deleted **********************
15:44:27.801 [main] INFO  api.test.UserTests2 - ********* Creating User *************
15:44:35.339 [main] INFO  api.test.UserTests2 - *********** User is created  *****************
15:44:35.353 [main] INFO  api.test.UserTests2 - **************  get the User  ******************
15:44:38.859 [main] INFO  api.test.UserTests2 - ******************  User is fetched  ********************
15:44:38.861 [main] INFO  api.test.UserTests2 - ****************  Updating User  ***************
15:44:45.795 [main] INFO  api.test.UserTests2 - ******************  User is updated  *******************
15:44:45.800 [main] INFO  api.test.UserTests2 - *******************  Deleting the User ***************
15:44:49.183 [main] INFO  api.test.UserTests2 - *******************   User is deleted **********************
15:56:00.509 [main] INFO  api.test.UserTests2 - ********* Creating User *************
15:56:11.749 [main] INFO  api.test.UserTests2 - *********** User is created  *****************
15:56:11.766 [main] INFO  api.test.UserTests2 - **************  get the User  ******************
15:56:15.417 [main] INFO  api.test.UserTests2 - ******************  User is fetched  ********************
15:56:15.423 [main] INFO  api.test.UserTests2 - ****************  Updating User  ***************
15:56:22.535 [main] INFO  api.test.UserTests2 - ******************  User is updated  *******************
15:56:22.537 [main] INFO  api.test.UserTests2 - *******************  Deleting the User ***************
15:56:26.168 [main] INFO  api.test.UserTests2 - *******************   User is deleted **********************
13:16:11.901 [main] INFO  api.test.UserTests2 - ********* Creating User *************
13:16:19.792 [main] INFO  api.test.UserTests2 - *********** User is created  *****************
13:16:19.834 [main] INFO  api.test.UserTests2 - **************  get the User  ******************
13:16:23.592 [main] INFO  api.test.UserTests2 - ******************  User is fetched  ********************
13:16:23.595 [main] INFO  api.test.UserTests2 - ****************  Updating User  ***************
13:16:30.895 [main] INFO  api.test.UserTests2 - ******************  User is updated  *******************
13:16:30.899 [main] INFO  api.test.UserTests2 - *******************  Deleting the User ***************
13:16:34.504 [main] INFO  api.test.UserTests2 - *******************   User is deleted **********************
